General Logger:	2024/01/26 16:59:59 logger.go:29: 


Application restarted ---------
General Logger:	2024/01/26 16:59:59 database.go:30: Database connected succesfully....
General Logger:	2024/01/26 16:59:59 main.go:36: Notification Svc connected on :50053
General Logger:	2024/01/26 17:49:48 logger.go:29: 


Application restarted ---------
General Logger:	2024/01/26 17:49:48 database.go:30: Database connected succesfully....
General Logger:	2024/01/26 17:49:48 main.go:36: Notification Svc connected on :50053
General Logger:	2024/01/27 09:13:41 logger.go:29: 


Application restarted ---------
General Logger:	2024/01/27 09:13:41 database.go:30: Database connected succesfully....
General Logger:	2024/01/27 09:13:41 main.go:36: Notification Svc connected on :50053
General Logger:	2024/01/27 09:36:48 logger.go:29: 


Application restarted ---------
General Logger:	2024/01/27 09:36:48 database.go:30: Database connected succesfully....
General Logger:	2024/01/27 09:36:48 main.go:36: Notification Svc connected on :50053
General Logger:	2024/01/27 09:42:50 logger.go:29: 


Application restarted ---------
General Logger:	2024/01/27 09:42:50 database.go:30: Database connected succesfully....
General Logger:	2024/01/27 09:42:50 main.go:36: Notification Svc connected on :50053
General Logger:	2024/01/29 13:06:21 logger.go:29: 


Application restarted ---------
General Logger:	2024/01/29 13:06:21 database.go:30: Database connected succesfully....
General Logger:	2024/01/29 13:06:21 main.go:36: Notification Svc connected on :50053
General Logger:	2024/01/29 13:09:14 logger.go:29: 


Application restarted ---------
General Logger:	2024/01/29 13:09:14 database.go:30: Database connected succesfully....
General Logger:	2024/01/29 13:09:14 main.go:36: Notification Svc connected on :50053
General Logger:	2024/01/29 13:11:37 logger.go:29: 


Application restarted ---------
General Logger:	2024/01/29 13:11:37 database.go:30: Database connected succesfully....
General Logger:	2024/01/29 13:11:37 main.go:36: Notification Svc connected on :50053
General Logger:	2024/01/29 13:12:13 logger.go:29: 


Application restarted ---------
General Logger:	2024/01/29 13:12:13 database.go:30: Database connected succesfully....
General Logger:	2024/01/29 13:12:13 main.go:36: Notification Svc connected on :50053
General Logger:	2024/01/29 13:19:50 logger.go:29: 


Application restarted ---------
General Logger:	2024/01/29 13:19:50 database.go:30: Database connected succesfully....
General Logger:	2024/01/29 13:19:50 main.go:36: Notification Svc connected on :50053
General Logger:	2024/01/29 13:25:13 logger.go:29: 


Application restarted ---------
General Logger:	2024/01/29 13:25:13 database.go:30: Database connected succesfully....
General Logger:	2024/01/29 13:25:13 main.go:36: Notification Svc connected on :50053
General Logger:	2024/01/29 13:32:28 logger.go:29: 


Application restarted ---------
General Logger:	2024/01/29 13:32:28 database.go:30: Database connected succesfully....
General Logger:	2024/01/29 13:32:28 main.go:36: Notification Svc connected on :50053
General Logger:	2024/01/29 14:09:32 logger.go:29: 


Application restarted ---------
General Logger:	2024/01/29 14:09:32 database.go:30: Database connected succesfully....
General Logger:	2024/01/29 14:09:32 main.go:36: Notification Svc connected on :50053
General Logger:	2024/01/29 14:10:03 logger.go:29: 


Application restarted ---------
General Logger:	2024/01/29 14:10:03 database.go:30: Database connected succesfully....
General Logger:	2024/01/29 14:10:03 main.go:36: Notification Svc connected on :50053
General Logger:	2024/01/29 14:11:34 logger.go:29: 


Application restarted ---------
General Logger:	2024/01/29 14:11:34 database.go:30: Database connected succesfully....
General Logger:	2024/01/29 14:11:34 main.go:36: Notification Svc connected on :50053
General Logger:	2024/01/29 14:25:01 logger.go:29: 


Application restarted ---------
General Logger:	2024/01/29 14:25:01 database.go:30: Database connected succesfully....
General Logger:	2024/01/29 14:25:01 main.go:36: Notification Svc connected on :50053
General Logger:	2024/01/29 14:25:50 logger.go:29: 


Application restarted ---------
General Logger:	2024/01/29 14:25:50 database.go:30: Database connected succesfully....
General Logger:	2024/01/29 14:25:50 main.go:36: Notification Svc connected on :50053
General Logger:	2024/01/29 14:30:56 logger.go:29: 


Application restarted ---------
General Logger:	2024/01/29 14:30:56 database.go:30: Database connected succesfully....
General Logger:	2024/01/29 14:30:56 main.go:36: Notification Svc connected on :50053
General Logger:	2024/01/29 15:01:49 logger.go:29: 


Application restarted ---------
General Logger:	2024/01/29 15:01:49 database.go:30: Database connected succesfully....
General Logger:	2024/01/29 15:01:49 main.go:36: Notification Svc connected on :50053
General Logger:	2024/01/29 15:30:24 logger.go:29: 


Application restarted ---------
General Logger:	2024/01/29 15:30:24 database.go:30: Database connected succesfully....
General Logger:	2024/01/29 15:30:24 main.go:36: Notification Svc connected on :50053
General Logger:	2024/01/29 15:36:49 logger.go:29: 


Application restarted ---------
General Logger:	2024/01/29 15:36:49 database.go:30: Database connected succesfully....
General Logger:	2024/01/29 15:36:49 main.go:36: Notification Svc connected on :50053
General Logger:	2024/01/29 15:51:15 logger.go:29: 


Application restarted ---------
General Logger:	2024/01/29 15:51:15 database.go:30: Database connected succesfully....
General Logger:	2024/01/29 15:51:15 main.go:36: Notification Svc connected on :50053
General Logger:	2024/01/29 16:54:01 logger.go:29: 


Application restarted ---------
General Logger:	2024/01/29 16:54:01 database.go:30: Database connected succesfully....
General Logger:	2024/01/29 16:54:01 main.go:36: Notification Svc connected on :50053
General Logger:	2024/01/29 16:54:15 logger.go:29: 


Application restarted ---------
General Logger:	2024/01/29 16:54:15 database.go:30: Database connected succesfully....
General Logger:	2024/01/29 16:54:15 main.go:36: Notification Svc connected on :50053
General Logger:	2024/01/29 16:57:57 logger.go:29: 


Application restarted ---------
General Logger:	2024/01/29 16:57:58 database.go:30: Database connected succesfully....
General Logger:	2024/01/29 16:57:58 main.go:36: Notification Svc connected on :50053
General Logger:	2024/01/29 16:59:25 logger.go:29: 


Application restarted ---------
General Logger:	2024/01/29 16:59:25 database.go:30: Database connected succesfully....
General Logger:	2024/01/29 16:59:25 main.go:36: Notification Svc connected on :50053
General Logger:	2024/01/29 18:38:56 logger.go:29: 


Application restarted ---------
General Logger:	2024/01/29 18:38:56 database.go:30: Database connected succesfully....
General Logger:	2024/01/29 18:38:56 main.go:36: Notification Svc connected on :50053
General Logger:	2024/01/29 18:50:40 logger.go:29: 


Application restarted ---------
General Logger:	2024/01/29 18:50:40 database.go:30: Database connected succesfully....
General Logger:	2024/01/29 18:50:40 main.go:36: Notification Svc connected on :50053
General Logger:	2024/01/29 18:59:23 logger.go:29: 


Application restarted ---------
General Logger:	2024/01/29 18:59:23 database.go:30: Database connected succesfully....
General Logger:	2024/01/29 18:59:23 main.go:36: Notification Svc connected on :50053
General Logger:	2024/01/30 10:01:10 logger.go:29: 


Application restarted ---------
Error Logger:	2024/01/30 10:01:10 main.go:22: Error while loading config1 error(s) decoding:

* 'firebase-cred[0]' expected type 'uint8', got unconvertible type 'map[string]interface {}', value: 'map[auth_provider_x509_cert_url:https://www.googleapis.com/oauth2/v1/certs auth_uri:https://accounts.google.com/o/oauth2/auth client_email:firebase-adminsdk-4zsr5@lovebites-7bb03.iam.gserviceaccount.com client_id:104963728641968770156 client_x509_cert_url:https://www.googleapis.com/robot/v1/metadata/x509/firebase-adminsdk-4zsr5%40lovebites-7bb03.iam.gserviceaccount.com private_key:-----BEGIN PRIVATE KEY-----
MIIEvQIBADANBgkqhkiG9w0BAQEFAASCBKcwggSjAgEAAoIBAQCbjhCYy6re0w0X
t3TyLnTDbUQHhpM90LKQRpe6WAv1sJhjgWDsvCJ+ZOmMKr7eUueRVWKJeqPOejxo
RUtMRWnzLv8Geb+zkkapq/qGsxT42pzpd4IcWvUhJA1QQI2h17+2r8xgNFFyhz8R
6i1dUaTjaoZA+RgnosBNpzT7KBmRXb/ZXcq11QczS2CHaLPBgHv45KBcS/LBATDM
Kigt6J/06OdIRZ4MuwAF/M70nDQ5Hb6tc90g1ZtyvgzCR4F85+SMXplzcn1dJQWB
EGGnFKTBIJpVMCvyfQPz4D1LFU7VZ+Sb235k6U0tCjgEDu4ZhLuWtya2X8g5VTST
MMWwsvKtAgMBAAECggEAIhU5Frl9WXBFzJ4CTjQWmmE9CCcY6PDqxwjoosg66pzE
bv0Aly5LooUK1Q7inkTs/x+FxRitfoay6KfSLUaCRenUr/8KHVbeC7wmWtAvNq1z
twXb6MmXLyk+j4htX/otQ+J19dhQxjbS/2JfiTRj2/5RpzfM7pZO61TJG4S4QWzA
zCPxaWWoTsmZgQZaLwK80uPELwP9VDBjaUFmq4JsPjPjRjcyjpqNUiGdPKojBRaE
+hUlEyBh7YYtK8TiYLdp+IZSXol4XU2L/AXY48UgdXlA2EatR/2CpWVxQO7zqs9Z
4c+jFWl7Gl3xuK1LR+kDvIxg1HRoncGXKvQh3bnwMQKBgQDbo1iMJVBAI+JiCKPQ
khczRWyfgE3pfTFwexYthdRUSg9mGxPp0zBejXouUcoaEaMpQKMWgLPlJcKpt6KN
UqXJ51j0eM0pwHDAFMK+syt5xNzIgjUwtZX2dGSPP/DoD45QKJMavD0XBzR/0H+w
xG0bb8zUFqtAN1SfR8RggxhHZQKBgQC1TsLn4Q4X7bnWqlfUkZmVMIDV9dlARQ48
fpiX6xDnXYKBOCHQgN58V0DhZl5VUjGfLNQ2v9bjKpTGWlxkOsVFCBYp9cXR2wzM
rF7y8c6L963qs9WqoojJATlm4ra2oNtORtip4dY2vSO5WWGVQYww2efUOhTxgrB+
G88BMVn9qQKBgQCNKn2dBdaAgw/bxoXTZjI3J+Xa1lI9QdPm4ZWtiJih3D/tdnXk
EXLDMtdWsgbdnnxp5TttGSeGnjBxeK+neXlJPcJ0zre+oAtXyYAppWrKBveIf/fD
6NIL519Cmuwxmt3zM0DpLBdvl5fsloubh4RA4CicID3NNkLTZQMYrOmL6QKBgBuo
GQkgBnNV+wwozd8KGsBsNqrspqgsIIDP2t0JqXlxhS/K7TWOAuI6uRXo9KjVMeaT
Awga+V+LpkgfjopngKIIGsFp0TQy0uABxzYN9rDZJjlwFz7BLlZjDmuIV9DB9tIY
8oHvhiqxbVqfrMgEyKrHApsYBQvWILAL8+a9rXmJAoGAB/RqD/kEozYe08sHs5uU
3YiMYGsFT3xj/kZUc6OAAu0hC3EjSa/95TESxkifubdg48qpp1qdupfqjhq7mL1n
BEVP9xtZ9oHGdHsEbIoMRqCnmdZT4uNnakJ1MQSFPvEmmJJjo0i1Wptashz4NJ00
HDx7fhN4giJ4nRp99rA12f4=
-----END PRIVATE KEY-----
 private_key_id:5d76ffd17f8b99481ab6ab0f7197ff79496bce38 project_id:lovebites-7bb03 token_uri:https://oauth2.googleapis.com/token type:service_account universe_domain:googleapis.com]'
General Logger:	2024/01/30 10:06:48 logger.go:29: 


Application restarted ---------
General Logger:	2024/01/30 10:06:48 database.go:30: Database connected succesfully....
General Logger:	2024/01/30 10:06:48 main.go:37: Notification Svc connected on :50053
General Logger:	2024/01/30 10:07:39 logger.go:29: 


Application restarted ---------
General Logger:	2024/01/30 10:07:39 database.go:30: Database connected succesfully....
General Logger:	2024/01/30 10:07:39 main.go:37: Notification Svc connected on :50053
General Logger:	2024/01/30 10:10:22 logger.go:29: 


Application restarted ---------
General Logger:	2024/01/30 10:10:22 database.go:30: Database connected succesfully....
General Logger:	2024/01/30 10:10:22 main.go:37: Notification Svc connected on :50053
General Logger:	2024/01/30 10:13:00 logger.go:29: 


Application restarted ---------
General Logger:	2024/01/30 10:13:00 database.go:30: Database connected succesfully....
General Logger:	2024/01/30 10:13:00 main.go:37: Notification Svc connected on :50053
General Logger:	2024/01/30 10:13:56 logger.go:29: 


Application restarted ---------
General Logger:	2024/01/30 10:13:56 database.go:30: Database connected succesfully....
General Logger:	2024/01/30 10:13:56 main.go:37: Notification Svc connected on :50053
General Logger:	2024/01/30 10:19:49 logger.go:29: 


Application restarted ---------
General Logger:	2024/01/30 10:19:49 database.go:30: Database connected succesfully....
General Logger:	2024/01/30 10:19:49 main.go:37: Notification Svc connected on :50053
General Logger:	2024/01/30 10:26:40 logger.go:29: 


Application restarted ---------
General Logger:	2024/01/30 10:26:40 database.go:30: Database connected succesfully....
General Logger:	2024/01/30 10:26:40 main.go:37: Notification Svc connected on :50053
General Logger:	2024/01/30 10:32:50 logger.go:29: 


Application restarted ---------
General Logger:	2024/01/30 10:32:50 database.go:30: Database connected succesfully....
General Logger:	2024/01/30 10:32:50 main.go:37: Notification Svc connected on :50053
Error Logger:	2024/01/30 10:34:35 firebase.go:45: project ID is required to access Firebase Cloud Messaging client
General Logger:	2024/01/30 10:36:06 logger.go:29: 


Application restarted ---------
General Logger:	2024/01/30 10:36:06 database.go:30: Database connected succesfully....
General Logger:	2024/01/30 10:36:06 main.go:37: Notification Svc connected on :50053
Error Logger:	2024/01/30 10:36:49 firebase.go:45: project ID is required to access Firebase Cloud Messaging client
General Logger:	2024/01/30 10:41:52 logger.go:29: 


Application restarted ---------
General Logger:	2024/01/30 10:41:52 database.go:30: Database connected succesfully....
General Logger:	2024/01/30 10:41:52 main.go:37: Notification Svc connected on :50053
Error Logger:	2024/01/30 10:42:04 firebase.go:44: project ID is required to access Firebase Cloud Messaging client
General Logger:	2024/01/30 10:43:07 logger.go:29: 


Application restarted ---------
General Logger:	2024/01/30 10:43:07 database.go:30: Database connected succesfully....
Error Logger:	2024/01/30 10:43:07 firebase.go:40: project ID is required to access Firebase Cloud Messaging client
General Logger:	2024/01/30 10:44:41 logger.go:29: 


Application restarted ---------
General Logger:	2024/01/30 10:44:41 database.go:30: Database connected succesfully....
Error Logger:	2024/01/30 10:44:41 firebase.go:42: project ID is required to access Firebase Cloud Messaging client
General Logger:	2024/01/30 10:47:59 logger.go:29: 


Application restarted ---------
General Logger:	2024/01/30 10:47:59 database.go:30: Database connected succesfully....
General Logger:	2024/01/30 10:48:00 main.go:37: Notification Svc connected on :50053
General Logger:	2024/01/30 10:48:18 logger.go:29: 


Application restarted ---------
General Logger:	2024/01/30 10:48:18 database.go:30: Database connected succesfully....
General Logger:	2024/01/30 10:48:18 main.go:37: Notification Svc connected on :50053
General Logger:	2024/01/30 10:49:13 logger.go:29: 


Application restarted ---------
General Logger:	2024/01/30 10:49:13 database.go:30: Database connected succesfully....
General Logger:	2024/01/30 10:49:13 main.go:37: Notification Svc connected on :50053
General Logger:	2024/01/30 10:57:20 logger.go:29: 


Application restarted ---------
General Logger:	2024/01/30 10:57:20 database.go:30: Database connected succesfully....
General Logger:	2024/01/30 10:57:20 main.go:37: Notification Svc connected on :50053
General Logger:	2024/01/30 10:58:47 logger.go:29: 


Application restarted ---------
General Logger:	2024/01/30 10:58:47 database.go:30: Database connected succesfully....
General Logger:	2024/01/30 10:58:47 main.go:37: Notification Svc connected on :50053
General Logger:	2024/01/30 11:05:14 logger.go:29: 


Application restarted ---------
General Logger:	2024/01/30 11:05:14 database.go:30: Database connected succesfully....
General Logger:	2024/01/30 11:05:14 main.go:37: Notification Svc connected on :50053
